<?xml version="1.0" encoding="UTF-8"?>
<!-- Generated by org.testng.reporters.JUnitXMLReporter -->
<testsuite ignored="1" hostname="DESKTOP-BFV7AEF" failures="0" tests="3" name="Test" time="41.863" errors="0" timestamp="2024-06-10T23:27:43 IST">
  <testcase classname="com.shopify.login.Login" name="login" time="34.715"/>
  <testcase classname="com.shopify.testcases.Home" name="tc1_ValidateHomePage" time="5.623"/>
  <testcase classname="com.shopify.testcases.Home" name="tc2_ValidateExpandCollapseButton" time="0.183"/>
  <testcase classname="com.shopify.TestBase" name="@BeforeSuite setup" time="0.0">
    <ignored/>
  </testcase> <!-- @BeforeSuite setup -->
</testsuite> <!-- Test -->
