<?xml version="1.0" encoding="UTF-8"?>
<testng-results ignored="1" total="4" passed="3" failed="0" skipped="0">
  <reporter-output>
  </reporter-output>
  <suite started-at="2024-06-10T23:27:01 IST" name="Shopify" finished-at="2024-06-10T23:27:43 IST" duration-ms="41863">
    <groups>
    </groups>
    <test started-at="2024-06-10T23:27:01 IST" name="Test" finished-at="2024-06-10T23:27:43 IST" duration-ms="41863">
      <class name="com.shopify.testcases.Home">
        <test-method signature="tc1_ValidateHomePage()[pri:0, instance:com.shopify.testcases.Home@13fd2ccd]" started-at="2024-06-10T23:27:37 IST" name="tc1_ValidateHomePage" finished-at="2024-06-10T23:27:42 IST" duration-ms="5623" status="PASS">
          <reporter-output>
          </reporter-output>
        </test-method> <!-- tc1_ValidateHomePage -->
        <test-method signature="tc2_ValidateExpandCollapseButton()[pri:0, instance:com.shopify.testcases.Home@13fd2ccd]" started-at="2024-06-10T23:27:43 IST" name="tc2_ValidateExpandCollapseButton" finished-at="2024-06-10T23:27:43 IST" duration-ms="183" status="PASS">
          <reporter-output>
          </reporter-output>
        </test-method> <!-- tc2_ValidateExpandCollapseButton -->
      </class> <!-- com.shopify.testcases.Home -->
      <class name="com.shopify.login.Login">
        <test-method is-config="true" signature="setup(java.lang.String,java.lang.String)[pri:0, instance:com.shopify.login.Login@4c1909a3]" started-at="2024-06-10T23:26:59 IST" name="setup" finished-at="2024-06-10T23:27:01 IST" duration-ms="2563" status="PASS">
          <params>
            <param index="0">
              <value>
                <![CDATA[chrome]]>
              </value>
            </param>
            <param index="1">
              <value>
                <![CDATA[https://www.shopify.com/]]>
              </value>
            </param>
          </params>
          <reporter-output>
          </reporter-output>
        </test-method> <!-- setup -->
        <test-method signature="login()[pri:0, instance:com.shopify.login.Login@4c1909a3]" started-at="2024-06-10T23:27:02 IST" name="login" finished-at="2024-06-10T23:27:37 IST" duration-ms="34715" status="PASS">
          <reporter-output>
          </reporter-output>
        </test-method> <!-- login -->
      </class> <!-- com.shopify.login.Login -->
    </test> <!-- Test -->
  </suite> <!-- Shopify -->
</testng-results>
